Arguments: 
  C:\Program Files\nodejs\node.exe C:\Users\Amit\AppData\Roaming\npm\node_modules\yarn\bin\yarn.js develop

PATH: 
  C:\Windows;C:\Windows\System32\Wbem;C:\Windows\System32\WindowsPowerShell\v1.0\;C:\Windows\System32\OpenSSH\;C:\Program Files (x86)\Intel\Intel(R) Management Engine Components\DAL;C:\Program Files\Intel\Intel(R) Management Engine Components\DAL;C:\Program Files\NVIDIA Corporation\NVIDIA NvDLISR;C:\Program Files (x86)\NVIDIA Corporation\PhysX\Common;C:\WINDOWS\system32;C:\WINDOWS;C:\WINDOWS\System32\Wbem;C:\WINDOWS\System32\WindowsPowerShell\v1.0\;D:\java\bin;C:\WINDOWS\System32\OpenSSH\;C:\Program Files\MongoDB\Server\5.0\bin;C:\Program Files\Git\cmd;C:\Program Files\nodejs\;C:\Users\Amit\AppData\Local\Microsoft\WindowsApps;C:\msys64\usr\bin;C:\Users\Amit\AppData\Local\Programs\Microsoft VS Code\bin;C:\Users\Amit\AppData\Roaming\npm

Yarn version: 
  1.22.19

Node version: 
  18.12.1

Platform: 
  win32 x64

Trace: 
  SyntaxError: D:\tasks\18-11-22\food-dash\package.json: Unexpected token } in JSON at position 1295
      at JSON.parse (<anonymous>)
      at C:\Users\Amit\AppData\Roaming\npm\node_modules\yarn\lib\cli.js:1629:59
      at Generator.next (<anonymous>)
      at step (C:\Users\Amit\AppData\Roaming\npm\node_modules\yarn\lib\cli.js:310:30)
      at C:\Users\Amit\AppData\Roaming\npm\node_modules\yarn\lib\cli.js:321:13

npm manifest: 
  {
    "name": "food-dash",
    "version": "1.0.0",
    "private": true,
    "description": "food-dash",
    "author": "amiTiwebcode",
    "keywords": [
      "gatsby"
    ],
    "scripts": {
      "develop": "gatsby develop",
      "start": "gatsby develop",
      "build": "gatsby build",
      "serve": "gatsby serve",
      "clean": "gatsby clean",
      "typecheck": "tsc --noEmit"
    },
    "dependencies": {
      "@fortawesome/fontawesome-svg-core": "^6.2.1",
      "@fortawesome/free-brands-svg-icons": "^6.2.1",
      "@fortawesome/free-regular-svg-icons": "^6.2.1",
      "@fortawesome/free-solid-svg-icons": "^6.2.1",
      "@fortawesome/react-fontawesome": "^0.2.0",
      "babel-plugin-styled-components": "^2.0.7",
      "bootstrap": "^5.2.2",
      "bootstrap-icons": "^1.10.2",
      "gatsby": "^5.0.0",
      "gatsby-plugin-image": "^3.0.0",
      "gatsby-plugin-sharp": "^5.0.0",
      "gatsby-plugin-styled-components": "^6.0.0",
      "gatsby-source-filesystem": "^5.0.0",
      "gatsby-transformer-sharp": "^5.0.0",
      "react": "^18.2.0",
      "react-bootstrap": "^2.6.0",
      "react-dom": "^18.2.0",
      "styled-components": "^5.3.6"
    },
    "devDependencies": {
      "@types/node": "^18.11.9",
      "@types/react": "^18.0.25",
      "@types/react-dom": "^18.0.8",
      "@types/styled-components": "^5.1.26",
      "typescript": "^4.8.4",
  
    },
    "engines": {
      "node": ">=14.0.0",
      "yarn": ">=1.22.11"
    }
  }

yarn manifest: 
  No manifest

Lockfile: 
  No lockfile
